<?xml version="1.0" encoding="UTF-8"?>
<!-- Generated by org.testng.reporters.JUnitReportReporter -->
<testsuite hostname="Home" failures="0" tests="1" name="com.k2js.WebTesting.TestingHomePage" time="25.885" errors="0" timestamp="02 Sep 2018 10:59:51 GMT" skipped="0">
  <testcase classname="com.k2js.WebTesting.TestingHomePage" name="VerifyLoginPage" time="25.885"/>
</testsuite> <!-- com.k2js.WebTesting.TestingHomePage -->
